<?xml version="1.0" encoding="UTF-8"?>
<!-- Generated by org.testng.reporters.JUnitXMLReporter -->
<testsuite ignored="0" hostname="DESKTOP-PVBHUTH" failures="0" tests="5" name="Default test" time="30.052" errors="0" timestamp="2022-08-16T08:35:30 IST">
  <testcase classname="com.telus.testcases.RegisterUserInfo" name="launchApplicationUrl" time="18.646"/>
  <testcase classname="com.telus.testcases.RegisterUserInfo" name="navigationRegPage" time="2.857"/>
  <testcase classname="com.telus.testcases.RegisterUserInfo" name="registerUser" time="5.866"/>
  <testcase classname="com.telus.testcases.RegisterUserInfo" name="successfullConformMsg" time="0.15"/>
  <testcase classname="com.telus.testcases.RegisterUserInfo" name="closeApplication" time="2.453"/>
</testsuite> <!-- Default test -->
