<?xml version="1.0" encoding="UTF-8"?>
<!-- Generated by org.testng.reporters.JUnitXMLReporter -->
<testsuite ignored="0" hostname="DESKTOP-PVBHUTH" failures="0" tests="5" name="RegisterUserInfo" time="22.249" errors="0" timestamp="2022-08-16T08:20:08 IST">
  <testcase classname="com.telus.testcases.RegisterUserInfo" name="launchApplicationUrl" time="13.73"/>
  <testcase classname="com.telus.testcases.RegisterUserInfo" name="navigationRegPage" time="2.218"/>
  <testcase classname="com.telus.testcases.RegisterUserInfo" name="registerUser" time="6.04"/>
  <testcase classname="com.telus.testcases.RegisterUserInfo" name="successfullConformMsg" time="0.115"/>
  <testcase classname="com.telus.testcases.RegisterUserInfo" name="closeApplication" time="0.067"/>
</testsuite> <!-- RegisterUserInfo -->
